<?xml version="1.0" encoding="UTF-8"?>
<!-- Generated by org.testng.reporters.JUnitXMLReporter -->
<testsuite ignored="0" hostname="LenovoIdeaPad" failures="2" tests="3" name="POMframework for Login" time="80.335" errors="0" timestamp="2023-12-15T01:39:31 IST">
  <testcase classname="io.cucumber.testng.AbstractTestNGCucumberTests" name="runScenario" time="38.591">
    <failure type="java.lang.AssertionError" message="did not expect [My Account] but found [My Account]">
      <![CDATA[java.lang.AssertionError: did not expect [My Account] but found [My Account]
at com.BooksWagon.StepDefinition.LoginFeatureStepDefinition.the_user_hover_my_account_and_clicks_on_logout_button(LoginFeatureStepDefinition.java:72)
at ✽.the User hover My Account and clicks on logout button(file:///C:/Users/USER/eclipse-workspace/BooksWagon-Project/src/test/resources/LoginFeatureBooksWagon.feature:10)
... Removed 5 stack frames]]>
    </failure>
  </testcase> <!-- runScenario -->
  <testcase classname="io.cucumber.testng.AbstractTestNGCucumberTests" name="runScenario" time="16.61"/>
  <testcase classname="io.cucumber.testng.AbstractTestNGCucumberTests" name="runScenario" time="14.991">
    <failure type="java.lang.AssertionError" message="did not expect [My Account] but found [My Account]">
      <![CDATA[java.lang.AssertionError: did not expect [My Account] but found [My Account]
at com.BooksWagon.StepDefinition.LoginFeatureStepDefinition.the_user_hover_my_account_and_clicks_on_logout_button(LoginFeatureStepDefinition.java:72)
at ✽.the User hover My Account and clicks on logout button(file:///C:/Users/USER/eclipse-workspace/BooksWagon-Project/src/test/resources/LoginFeatureBooksWagon.feature:10)
... Removed 5 stack frames]]>
    </failure>
  </testcase> <!-- runScenario -->
</testsuite> <!-- POMframework for Login -->
